2023-11-17 04:17:34,837 [1] INFO  app [(null)] - Autofac Setup...
2023-11-17 04:21:03,685 [14] ERROR app [(null)] - 17/11/202304:21 - error: A public action method 'Index' was not found on controller 'PI.Baktun.Controllers.GacetaController'.
System.Web.HttpException (0x80004005): A public action method 'Index' was not found on controller 'PI.Baktun.Controllers.GacetaController'.
   en System.Web.Mvc.Controller.HandleUnknownAction(String actionName)
   en System.Web.Mvc.Controller.<BeginExecuteCore>b__1d(IAsyncResult asyncResult, ExecuteCoreState innerState)
   en System.Web.Mvc.Async.AsyncResultWrapper.WrappedAsyncVoid`1.CallEndDelegate(IAsyncResult asyncResult)
   en System.Web.Mvc.Controller.EndExecuteCore(IAsyncResult asyncResult)
   en System.Web.Mvc.Async.AsyncResultWrapper.WrappedAsyncVoid`1.CallEndDelegate(IAsyncResult asyncResult)
   en System.Web.Mvc.Controller.EndExecute(IAsyncResult asyncResult)
   en System.Web.Mvc.MvcHandler.<BeginProcessRequest>b__5(IAsyncResult asyncResult, ProcessRequestState innerState)
   en System.Web.Mvc.Async.AsyncResultWrapper.WrappedAsyncVoid`1.CallEndDelegate(IAsyncResult asyncResult)
   en System.Web.Mvc.MvcHandler.EndProcessRequest(IAsyncResult asyncResult)
   en System.Web.HttpApplication.CallHandlerExecutionStep.System.Web.HttpApplication.IExecutionStep.Execute()
   en System.Web.HttpApplication.ExecuteStepImpl(IExecutionStep step)
   en System.Web.HttpApplication.ExecuteStep(IExecutionStep step, Boolean& completedSynchronously)
2023-11-17 04:56:00,832 [19] INFO  app [(null)] - Autofac Setup...
2023-11-17 04:56:19,895 [12] ERROR app [(null)] - 17/11/202304:56 - error: The controller for path '/PI.Baktun/Index' was not found or does not implement IController.
System.Web.HttpException (0x80004005): The controller for path '/PI.Baktun/Index' was not found or does not implement IController.
   en System.Web.Mvc.DefaultControllerFactory.GetControllerInstance(RequestContext requestContext, Type controllerType)
   en System.Web.Mvc.DefaultControllerFactory.CreateController(RequestContext requestContext, String controllerName)
   en System.Web.Mvc.MvcHandler.ProcessRequestInit(HttpContextBase httpContext, IController& controller, IControllerFactory& factory)
   en System.Web.Mvc.MvcHandler.BeginProcessRequest(HttpContextBase httpContext, AsyncCallback callback, Object state)
   en System.Web.HttpApplication.CallHandlerExecutionStep.System.Web.HttpApplication.IExecutionStep.Execute()
   en System.Web.HttpApplication.ExecuteStepImpl(IExecutionStep step)
   en System.Web.HttpApplication.ExecuteStep(IExecutionStep step, Boolean& completedSynchronously)
